<?xml version="1.0" encoding="UTF-8"?>
<!-- Generated by org.testng.reporters.JUnitReportReporter -->
<testsuite hostname="Rachid.local" failures="0" tests="1" name="link.com.test.LinkedTest" time="35.862" errors="0" timestamp="22 Jan 2023 04:56:45 GMT">
  <testcase classname="link.com.test.LinkedTest" name="testFirstTestCase" time="35.862"/>
</testsuite> <!-- link.com.test.LinkedTest -->
